#
# A fatal error has been detected by the Java Runtime Environment:
#
#  EXCEPTION_ACCESS_VIOLATION (0xc0000005) at pc=0x00007ffc24c72349, pid=2548, tid=0x00000000000025dc
#
# JRE version: Java(TM) SE Runtime Environment (8.0_192-b12) (build 1.8.0_192-b12)
# Java VM: Java HotSpot(TM) 64-Bit Server VM (25.192-b12 mixed mode windows-amd64 compressed oops)
# Problematic frame:
# C  [ig9icd64.dll+0xc2349]
#
# Failed to write core dump. Minidumps are not enabled by default on client versions of Windows
#
# If you would like to submit a bug report, please visit:
#   http://bugreport.java.com/bugreport/crash.jsp
# The crash happened outside the Java Virtual Machine in native code.
# See problematic frame for where to report the bug.
#

---------------  T H R E A D  ---------------

Current thread (0x0000000002b09000):  JavaThread "main" [_thread_in_native, id=9692, stack(0x0000000002a00000,0x0000000002b00000)]

siginfo: ExceptionCode=0xc0000005, reading address 0x000000002f01d000

Registers:
RAX=0x000000000000000c, RBX=0x0000000002afe260, RCX=0x0000000000000000, RDX=0x000000002f01cfb4
RSP=0x0000000002afe170, RBP=0x0000000000000163, RSI=0x000000002966f480, RDI=0x000000002966fa00
R8 =0x0000000000001644, R9 =0x000000000000002c, R10=0x000000000000000c, R11=0x0000000021ec0ce4
R12=0x0000000000000000, R13=0x0000000002afe3f0, R14=0x0000000000001644, R15=0x0000000000000001
RIP=0x00007ffc24c72349, EFLAGS=0x0000000000010207

Top of Stack: (sp=0x0000000002afe170)
0x0000000002afe170:   cafebabecafebabe 0000000000000000
0x0000000002afe180:   0000000000000000 0000000000000000
0x0000000002afe190:   000000002f01ca34 00007ffc25023f70
0x0000000002afe1a0:   0000059100000591 0000000200000031
0x0000000002afe1b0:   0000000002afe350 0000000000000001
0x0000000002afe1c0:   0000000000000000 00007ffc250267ff
0x0000000002afe1d0:   0000000002afe2d0 0000000002afe3b0
0x0000000002afe1e0:   0000000029090000 00007ffc25024ee0
0x0000000002afe1f0:   00007ffc24be0049 00007ffc00000001
0x0000000002afe200:   000000002ea4d040 0000000100000000
0x0000000002afe210:   4000230040000240 0000000000000000
0x0000000002afe220:   0000000029090000 0000000000000000
0x0000000002afe230:   0000000000000000 00007ffc24bd5518
0x0000000002afe240:   0000000000bfef70 0000000000000000
0x0000000002afe250:   0000000000c49f00 0000000000000000
0x0000000002afe260:   00007ffc255b8e70 0000000021ea8000 

Instructions: (pc=0x00007ffc24c72349)
0x00007ffc24c72329:   1f 84 00 00 00 00 00 f3 0f 6f 3a 41 ff c2 f3 0f
0x00007ffc24c72339:   6f 72 10 41 8b c2 f3 0f 6f 6a 20 f3 0f 6f 62 30
0x00007ffc24c72349:   f3 0f 6f 5a 40 f3 0f 6f 52 50 f3 0f 6f 4a 60 f3
0x00007ffc24c72359:   0f 6f 42 70 66 0f e7 3f 66 0f e7 77 10 66 0f e7 


Register to memory mapping:

RAX=0x000000000000000c is an unknown value
RBX=0x0000000002afe260 is pointing into the stack for thread: 0x0000000002b09000
RCX=0x0000000000000000 is an unknown value
RDX=0x000000002f01cfb4 is an unknown value
RSP=0x0000000002afe170 is pointing into the stack for thread: 0x0000000002b09000
RBP=0x0000000000000163 is an unknown value
RSI=0x000000002966f480 is an unknown value
RDI=0x000000002966fa00 is an unknown value
R8 =0x0000000000001644 is an unknown value
R9 =0x000000000000002c is an unknown value
R10=0x000000000000000c is an unknown value
R11=0x0000000021ec0ce4 is an unknown value
R12=0x0000000000000000 is an unknown value
R13=0x0000000002afe3f0 is pointing into the stack for thread: 0x0000000002b09000
R14=0x0000000000001644 is an unknown value
R15=0x0000000000000001 is an unknown value


Stack: [0x0000000002a00000,0x0000000002b00000],  sp=0x0000000002afe170,  free space=1016k
Native frames: (J=compiled Java code, j=interpreted, Vv=VM code, C=native code)
C  [ig9icd64.dll+0xc2349]
C  [ig9icd64.dll+0x473f70]
C  [ig9icd64.dll+0x4767ff]
C  [ig9icd64.dll+0x47b788]
C  [ig9icd64.dll+0x326421]
C  [ig9icd64.dll+0x2f12b4]
C  [ig9icd64.dll+0xd6d78]
C  [ig9icd64.dll+0xcd176]
C  [ig9icd64.dll+0xca25d]
C  [lwjgl_opengl.dll+0xcab5]
C  0x0000000002dc8c67

Java frames: (J=compiled Java code, j=interpreted, Vv=VM code)
j  org.lwjgl.opengl.GL11C.nglTexImage2D(IIIIIIIIJ)V+0
j  org.lwjgl.opengl.GL11C.glTexImage2D(IIIIIIIILjava/nio/ByteBuffer;)V+17
j  org.lwjgl.opengl.GL11.glTexImage2D(IIIIIIIILjava/nio/ByteBuffer;)V+14
j  de.ced.sadengine.objects.SadTexture.bind()V+218
j  de.ced.sadengine.shader.SadShaderProgram.loadTexture(ILde/ced/sadengine/objects/SadTexture;I)V+5
j  de.ced.sadengine.shader.SadShader.uploadTexture(Lde/ced/sadengine/objects/SadTexture;I)V+7
j  de.ced.sadengine.objects.SadRenderer.renderMesh(Lde/ced/sadengine/objects/SadModel;Ljava/util/List;)V+112
j  de.ced.sadengine.objects.SadRenderer.renderModel(Lde/ced/sadengine/objects/SadModel;Ljava/util/List;)V+43
j  de.ced.sadengine.objects.SadRenderer.renderCamera(Lde/ced/sadengine/objects/SadFrame;)V+250
j  de.ced.sadengine.objects.SadRenderer.renderFrame(Lde/ced/sadengine/objects/SadFrame;)V+2
j  de.ced.sadengine.objects.SadRenderer.renderSubframes(Lde/ced/sadengine/objects/SadFrame;)V+51
j  de.ced.sadengine.objects.SadRenderer.renderFrame(Lde/ced/sadengine/objects/SadFrame;)V+7
j  de.ced.sadengine.objects.SadRenderer.render()V+25
j  de.ced.sadengine.main.SadEngine.render()V+4
j  de.ced.sadengine.main.SadLoop.loop()V+97
j  de.ced.sadengine.main.SadLoop.start()V+5
j  de.ced.sadengine.api.SadEngine3D.start(Lde/ced/sadengine/main/SadMainLogic;Lde/ced/sadengine/api/Saddings;)V+22
j  de.ced.sadengine.api.SadEngine3D.start(Lde/ced/sadengine/main/SadMainLogic;)V+8
j  de.ced.sadengine.test.Cube.main([Ljava/lang/String;)V+7
v  ~StubRoutines::call_stub

---------------  P R O C E S S  ---------------

Java Threads: ( => current thread )
  0x000000001f1ce000 JavaThread "Service Thread" daemon [_thread_blocked, id=17248, stack(0x000000001fb70000,0x000000001fc70000)]
  0x000000001f15c800 JavaThread "C1 CompilerThread3" daemon [_thread_blocked, id=13244, stack(0x000000001fa70000,0x000000001fb70000)]
  0x000000001f138000 JavaThread "C2 CompilerThread2" daemon [_thread_blocked, id=14388, stack(0x000000001f970000,0x000000001fa70000)]
  0x000000001f12d000 JavaThread "C2 CompilerThread1" daemon [_thread_blocked, id=5780, stack(0x000000001f870000,0x000000001f970000)]
  0x000000001f12c800 JavaThread "C2 CompilerThread0" daemon [_thread_blocked, id=13732, stack(0x000000001f770000,0x000000001f870000)]
  0x000000001f036000 JavaThread "Monitor Ctrl-Break" daemon [_thread_in_native, id=11228, stack(0x000000001f670000,0x000000001f770000)]
  0x000000001e5b5000 JavaThread "Attach Listener" daemon [_thread_blocked, id=8660, stack(0x000000001ed70000,0x000000001ee70000)]
  0x000000001e5c6800 JavaThread "Signal Dispatcher" daemon [_thread_blocked, id=7056, stack(0x000000001ec70000,0x000000001ed70000)]
  0x000000001e5a0800 JavaThread "Finalizer" daemon [_thread_blocked, id=12088, stack(0x000000001ea80000,0x000000001eb80000)]
  0x000000001c7a0000 JavaThread "Reference Handler" daemon [_thread_blocked, id=11136, stack(0x000000001e980000,0x000000001ea80000)]
=>0x0000000002b09000 JavaThread "main" [_thread_in_native, id=9692, stack(0x0000000002a00000,0x0000000002b00000)]

Other Threads:
  0x000000001c797000 VMThread [stack: 0x000000001e480000,0x000000001e580000] [id=17252]
  0x000000001f256000 WatcherThread [stack: 0x000000001fc70000,0x000000001fd70000] [id=8028]

VM state:not at safepoint (normal execution)

VM Mutex/Monitor currently owned by a thread: None

heap address: 0x00000006c2000000, size: 4064 MB, Compressed Oops mode: Zero based, Oop shift amount: 3
Narrow klass base: 0x0000000000000000, Narrow klass shift: 3
Compressed class space size: 1073741824 Address: 0x00000007c0000000

Heap:
 PSYoungGen      total 75776K, used 34178K [0x000000076b580000, 0x0000000770a00000, 0x00000007c0000000)
  eden space 65024K, 52% used [0x000000076b580000,0x000000076d6e09f0,0x000000076f500000)
  from space 10752K, 0% used [0x000000076ff80000,0x000000076ff80000,0x0000000770a00000)
  to   space 10752K, 0% used [0x000000076f500000,0x000000076f500000,0x000000076ff80000)
 ParOldGen       total 173568K, used 0K [0x00000006c2000000, 0x00000006cc980000, 0x000000076b580000)
  object space 173568K, 0% used [0x00000006c2000000,0x00000006c2000000,0x00000006cc980000)
 Metaspace       used 10745K, capacity 10955K, committed 11264K, reserved 1058816K
  class space    used 858K, capacity 936K, committed 1024K, reserved 1048576K

Card table byte_map: [0x0000000012170000,0x0000000012970000] byte_map_base: 0x000000000eb60000

Marking Bits: (ParMarkBitMap*) 0x000000005f263ce0
 Begin Bits: [0x00000000136c0000, 0x0000000017640000)
 End Bits:   [0x0000000017640000, 0x000000001b5c0000)

Polling page: 0x0000000000b50000

CodeCache: size=245760Kb used=3105Kb max_used=3144Kb free=242654Kb
 bounds [0x0000000002db0000, 0x00000000030d0000, 0x0000000011db0000]
 total_blobs=1594 nmethods=701 adapters=806
 compilation: enabled

Compilation events (10 events):
Event: 1.157 Thread 0x000000001f15c800 nmethod 697 0x00000000030b5bd0 code [0x00000000030b5d20, 0x00000000030b5e10]
Event: 1.157 Thread 0x000000001f15c800  698       3       java.util.regex.Pattern$Node::match (27 bytes)
Event: 1.157 Thread 0x000000001f15c800 nmethod 698 0x00000000030b5e90 code [0x00000000030b6000, 0x00000000030b61b0]
Event: 1.157 Thread 0x000000001f15c800  699       3       java.util.regex.Pattern$Slice::match (79 bytes)
Event: 1.158 Thread 0x000000001f15c800 nmethod 699 0x00000000030b62d0 code [0x00000000030b6460, 0x00000000030b6918]
Event: 1.158 Thread 0x000000001f15c800  700       3       java.io.FilterInputStream::read (8 bytes)
Event: 1.158 Thread 0x000000001f15c800 nmethod 700 0x00000000030b6b10 code [0x00000000030b6c80, 0x00000000030b6ea8]
Event: 1.158 Thread 0x000000001f15c800  701       3       java.util.zip.InflaterInputStream::read (32 bytes)
Event: 1.158 Thread 0x000000001f15c800 nmethod 701 0x00000000030b6f50 code [0x00000000030b70e0, 0x00000000030b7558]
Event: 1.163 Thread 0x000000001f138000 nmethod 604 0x00000000030b7710 code [0x00000000030b7aa0, 0x00000000030be7e8]

GC Heap History (0 events):
No events

Deoptimization events (2 events):
Event: 0.426 Thread 0x0000000002b09000 Uncommon trap: reason=unstable_if action=reinterpret pc=0x0000000002f520e8 method=java.lang.String.indexOf([CII[CIII)I @ 134
Event: 1.019 Thread 0x0000000002b09000 Uncommon trap: reason=unstable_if action=reinterpret pc=0x0000000002f8ec00 method=java.io.BufferedReader.readLine(Z)Ljava/lang/String; @ 66

Classes redefined (0 events):
No events

Internal exceptions (10 events):
Event: 0.074 Thread 0x0000000002b09000 Exception <a 'java/lang/NoSuchMethodError': Method sun.misc.Unsafe.prefetchRead(Ljava/lang/Object;J)V name or signature does not match> (0x000000076b587f98) thrown at [C:\workspace\8-2-build-windows-amd64-cygwin\jdk8u192\11897\hotspot\src\share\vm\prims\j
Event: 0.381 Thread 0x0000000002b09000 Exception <a 'java/lang/NoSuchMethodError': java.lang.Object.lambda$static$0(Ljava/lang/String;)Ljava/lang/Boolean;> (0x000000076bf98878) thrown at [C:\workspace\8-2-build-windows-amd64-cygwin\jdk8u192\11897\hotspot\src\share\vm\interpreter\linkResolver.c
Event: 0.395 Thread 0x0000000002b09000 Exception <a 'java/lang/NoSuchFieldError': method resolution failed> (0x000000076c01ac38) thrown at [C:\workspace\8-2-build-windows-amd64-cygwin\jdk8u192\11897\hotspot\src\share\vm\prims\methodHandles.cpp, line 1167]
Event: 0.397 Thread 0x0000000002b09000 Exception <a 'java/lang/NoSuchFieldError': method resolution failed> (0x000000076c028a80) thrown at [C:\workspace\8-2-build-windows-amd64-cygwin\jdk8u192\11897\hotspot\src\share\vm\prims\methodHandles.cpp, line 1167]
Event: 0.453 Thread 0x0000000002b09000 Exception <a 'java/security/PrivilegedActionException'> (0x000000076c221568) thrown at [C:\workspace\8-2-build-windows-amd64-cygwin\jdk8u192\11897\hotspot\src\share\vm\prims\jvm.cpp, line 1435]
Event: 0.453 Thread 0x0000000002b09000 Exception <a 'java/security/PrivilegedActionException'> (0x000000076c221960) thrown at [C:\workspace\8-2-build-windows-amd64-cygwin\jdk8u192\11897\hotspot\src\share\vm\prims\jvm.cpp, line 1435]
Event: 0.453 Thread 0x0000000002b09000 Exception <a 'java/security/PrivilegedActionException'> (0x000000076c225a58) thrown at [C:\workspace\8-2-build-windows-amd64-cygwin\jdk8u192\11897\hotspot\src\share\vm\prims\jvm.cpp, line 1435]
Event: 0.453 Thread 0x0000000002b09000 Exception <a 'java/security/PrivilegedActionException'> (0x000000076c225e50) thrown at [C:\workspace\8-2-build-windows-amd64-cygwin\jdk8u192\11897\hotspot\src\share\vm\prims\jvm.cpp, line 1435]
Event: 0.702 Thread 0x0000000002b09000 Exception <a 'sun/nio/fs/WindowsException'> (0x000000076c5f0e90) thrown at [C:\workspace\8-2-build-windows-amd64-cygwin\jdk8u192\11897\hotspot\src\share\vm\prims\jni.cpp, line 709]
Event: 0.703 Thread 0x0000000002b09000 Exception <a 'sun/nio/fs/WindowsException'> (0x000000076c5f2868) thrown at [C:\workspace\8-2-build-windows-amd64-cygwin\jdk8u192\11897\hotspot\src\share\vm\prims\jni.cpp, line 709]

Events (10 events):
Event: 1.135 loading class org/joml/Vector2ic
Event: 1.135 loading class org/joml/Vector2ic done
Event: 1.136 loading class org/joml/Quaternionf
Event: 1.136 loading class org/joml/Quaternionf done
Event: 1.137 loading class org/joml/Quaternionfc
Event: 1.137 loading class org/joml/Quaternionfc done
Event: 1.144 loading class org/lwjgl/stb/STBImage
Event: 1.144 loading class org/lwjgl/stb/STBImage done
Event: 1.146 loading class org/lwjgl/stb/LibSTB
Event: 1.146 loading class org/lwjgl/stb/LibSTB done


Dynamic libraries:
0x00007ff7004e0000 - 0x00007ff700517000 	C:\Program Files\Java\jdk1.8.0_192\bin\java.exe
0x00007ffc955a0000 - 0x00007ffc95781000 	C:\Windows\SYSTEM32\ntdll.dll
0x00007ffc94230000 - 0x00007ffc942e2000 	C:\Windows\System32\KERNEL32.DLL
0x00007ffc91970000 - 0x00007ffc91be3000 	C:\Windows\System32\KERNELBASE.dll
0x00007ffc942f0000 - 0x00007ffc94391000 	C:\Windows\System32\ADVAPI32.dll
0x00007ffc95320000 - 0x00007ffc953be000 	C:\Windows\System32\msvcrt.dll
0x00007ffc948f0000 - 0x00007ffc9494b000 	C:\Windows\System32\sechost.dll
0x00007ffc94100000 - 0x00007ffc94224000 	C:\Windows\System32\RPCRT4.dll
0x00007ffc92a30000 - 0x00007ffc92bc0000 	C:\Windows\System32\USER32.dll
0x00007ffc92a10000 - 0x00007ffc92a30000 	C:\Windows\System32\win32u.dll
0x00007ffc95440000 - 0x00007ffc95468000 	C:\Windows\System32\GDI32.dll
0x00007ffc91bf0000 - 0x00007ffc91d82000 	C:\Windows\System32\gdi32full.dll
0x00007ffc92970000 - 0x00007ffc92a0f000 	C:\Windows\System32\msvcp_win.dll
0x00007ffc91f10000 - 0x00007ffc9200a000 	C:\Windows\System32\ucrtbase.dll
0x00007ffc80f80000 - 0x00007ffc811e9000 	C:\Windows\WinSxS\amd64_microsoft.windows.common-controls_6595b64144ccf1df_6.0.17134.376_none_fb439a3730647da2\COMCTL32.dll
0x00007ffc94ff0000 - 0x00007ffc95313000 	C:\Windows\System32\combase.dll
0x00007ffc91d90000 - 0x00007ffc91e0a000 	C:\Windows\System32\bcryptPrimitives.dll
0x00007ffc95540000 - 0x00007ffc9556d000 	C:\Windows\System32\IMM32.DLL
0x000000005f2f0000 - 0x000000005f3c1000 	C:\Program Files\Java\jdk1.8.0_192\jre\bin\msvcr100.dll
0x000000005ea40000 - 0x000000005f2e3000 	C:\Program Files\Java\jdk1.8.0_192\jre\bin\server\jvm.dll
0x00007ffc940f0000 - 0x00007ffc940f8000 	C:\Windows\System32\PSAPI.DLL
0x00007ffc904b0000 - 0x00007ffc904b9000 	C:\Windows\SYSTEM32\WSOCK32.dll
0x00007ffc8c090000 - 0x00007ffc8c09a000 	C:\Windows\SYSTEM32\VERSION.dll
0x00007ffc8f230000 - 0x00007ffc8f253000 	C:\Windows\SYSTEM32\WINMM.dll
0x00007ffc953d0000 - 0x00007ffc9543c000 	C:\Windows\System32\WS2_32.dll
0x00007ffc8f060000 - 0x00007ffc8f08a000 	C:\Windows\SYSTEM32\WINMMBASE.dll
0x00007ffc91e10000 - 0x00007ffc91e59000 	C:\Windows\System32\cfgmgr32.dll
0x00007ffc8c890000 - 0x00007ffc8c89f000 	C:\Program Files\Java\jdk1.8.0_192\jre\bin\verify.dll
0x00007ffc82760000 - 0x00007ffc82789000 	C:\Program Files\Java\jdk1.8.0_192\jre\bin\java.dll
0x00007ffc72c70000 - 0x00007ffc72c93000 	C:\Program Files\Java\jdk1.8.0_192\jre\bin\instrument.dll
0x00007ffc80100000 - 0x00007ffc80116000 	C:\Program Files\Java\jdk1.8.0_192\jre\bin\zip.dll
0x00007ffc92bc0000 - 0x00007ffc93fff000 	C:\Windows\System32\SHELL32.dll
0x00007ffc94840000 - 0x00007ffc948e9000 	C:\Windows\System32\shcore.dll
0x00007ffc92260000 - 0x00007ffc9296d000 	C:\Windows\System32\windows.storage.dll
0x00007ffc94090000 - 0x00007ffc940e1000 	C:\Windows\System32\shlwapi.dll
0x00007ffc91920000 - 0x00007ffc91931000 	C:\Windows\System32\kernel.appcore.dll
0x00007ffc91950000 - 0x00007ffc9196f000 	C:\Windows\System32\profapi.dll
0x00007ffc918d0000 - 0x00007ffc9191c000 	C:\Windows\System32\powrprof.dll
0x00007ffc91940000 - 0x00007ffc9194a000 	C:\Windows\System32\FLTLIB.DLL
0x00007ffc79a10000 - 0x00007ffc79a2a000 	C:\Program Files\JetBrains\IntelliJ IDEA Community Edition 2018.2.5\bin\breakgen64.dll
0x00007ffc78820000 - 0x00007ffc7883a000 	C:\Program Files\Java\jdk1.8.0_192\jre\bin\net.dll
0x00007ffc91130000 - 0x00007ffc91196000 	C:\Windows\system32\mswsock.dll
0x00007ffc72d20000 - 0x00007ffc72d31000 	C:\Program Files\Java\jdk1.8.0_192\jre\bin\nio.dll
0x00007ffc48350000 - 0x00007ffc483b1000 	C:\Users\Ced\AppData\Local\Temp\lwjglCed\3.2.0-build-12\lwjgl.dll
0x00007ffc63450000 - 0x00007ffc634ac000 	C:\Users\Ced\AppData\Local\Temp\lwjglCed\3.2.0-build-12\glfw.dll
0x00007ffc8f9e0000 - 0x00007ffc8fa78000 	C:\Windows\system32\uxtheme.dll
0x00007ffc2e980000 - 0x00007ffc2e9c3000 	C:\Windows\SYSTEM32\dinput8.dll
0x00007ffc8e060000 - 0x00007ffc8e070000 	C:\Windows\SYSTEM32\xinput1_4.dll
0x00007ffc916c0000 - 0x00007ffc916e7000 	C:\Windows\SYSTEM32\DEVOBJ.dll
0x00007ffc8fc70000 - 0x00007ffc8fc99000 	C:\Windows\SYSTEM32\dwmapi.dll
0x00007ffc82980000 - 0x00007ffc829f9000 	C:\Windows\SYSTEM32\inputhost.dll
0x00007ffc8cf10000 - 0x00007ffc8d05d000 	C:\Windows\SYSTEM32\wintypes.dll
0x00007ffc8f5a0000 - 0x00007ffc8f67a000 	C:\Windows\SYSTEM32\CoreMessaging.dll
0x00007ffc8d140000 - 0x00007ffc8d45e000 	C:\Windows\SYSTEM32\CoreUIComponents.dll
0x00007ffc909d0000 - 0x00007ffc90a01000 	C:\Windows\SYSTEM32\ntmarta.dll
0x00007ffc94600000 - 0x00007ffc94773000 	C:\Windows\System32\MSCTF.dll
0x00007ffc95470000 - 0x00007ffc95532000 	C:\Windows\System32\OLEAUT32.dll
0x00007ffc90210000 - 0x00007ffc9021c000 	C:\Windows\SYSTEM32\HID.DLL
0x00007ffc94950000 - 0x00007ffc94d9b000 	C:\Windows\System32\SETUPAPI.DLL
0x00007ffc92200000 - 0x00007ffc92257000 	C:\Windows\System32\WINTRUST.dll
0x00007ffc918b0000 - 0x00007ffc918c2000 	C:\Windows\System32\MSASN1.dll
0x00007ffc92010000 - 0x00007ffc921f2000 	C:\Windows\System32\CRYPT32.dll
0x00007ffc7f8c0000 - 0x00007ffc7f9e0000 	C:\Windows\SYSTEM32\opengl32.dll
0x00007ffc84010000 - 0x00007ffc8403c000 	C:\Windows\SYSTEM32\GLU32.dll
0x00007ffc24bb0000 - 0x00007ffc25a6f000 	C:\Windows\System32\DriverStore\FileRepository\ki127176.inf_amd64_86c658cabfb17c9c\ig9icd64.dll
0x00007ffc90490000 - 0x00007ffc904a3000 	C:\Windows\SYSTEM32\WTSAPI32.dll
0x00007ffc90670000 - 0x00007ffc9072b000 	C:\Windows\SYSTEM32\dxgi.dll
0x00007ffc87140000 - 0x00007ffc88ed5000 	C:\Windows\System32\DriverStore\FileRepository\ki127176.inf_amd64_86c658cabfb17c9c\igc64.dll
0x00007ffc81c60000 - 0x00007ffc81cf6000 	C:\Windows\System32\TextInputFramework.dll
0x00007ffc2e920000 - 0x00007ffc2e979000 	C:\Users\Ced\AppData\Local\Temp\lwjglCed\3.2.0-build-12\lwjgl_opengl.dll
0x00007ffc2e890000 - 0x00007ffc2e911000 	C:\Users\Ced\AppData\Local\Temp\lwjglCed\3.2.0-build-12\lwjgl_stb.dll
0x00007ffc902c0000 - 0x00007ffc90489000 	C:\Windows\SYSTEM32\dbghelp.dll

VM Arguments:
jvm_args: -javaagent:C:\Program Files\JetBrains\IntelliJ IDEA Community Edition 2018.2.5\lib\idea_rt.jar=60553:C:\Program Files\JetBrains\IntelliJ IDEA Community Edition 2018.2.5\bin -Dfile.encoding=UTF-8 
java_command: de.ced.sadengine.test.Cube
java_class_path (initial): C:\Program Files\Java\jdk1.8.0_192\jre\lib\charsets.jar;C:\Program Files\Java\jdk1.8.0_192\jre\lib\deploy.jar;C:\Program Files\Java\jdk1.8.0_192\jre\lib\ext\access-bridge-64.jar;C:\Program Files\Java\jdk1.8.0_192\jre\lib\ext\cldrdata.jar;C:\Program Files\Java\jdk1.8.0_192\jre\lib\ext\dnsns.jar;C:\Program Files\Java\jdk1.8.0_192\jre\lib\ext\jaccess.jar;C:\Program Files\Java\jdk1.8.0_192\jre\lib\ext\jfxrt.jar;C:\Program Files\Java\jdk1.8.0_192\jre\lib\ext\localedata.jar;C:\Program Files\Java\jdk1.8.0_192\jre\lib\ext\nashorn.jar;C:\Program Files\Java\jdk1.8.0_192\jre\lib\ext\sunec.jar;C:\Program Files\Java\jdk1.8.0_192\jre\lib\ext\sunjce_provider.jar;C:\Program Files\Java\jdk1.8.0_192\jre\lib\ext\sunmscapi.jar;C:\Program Files\Java\jdk1.8.0_192\jre\lib\ext\sunpkcs11.jar;C:\Program Files\Java\jdk1.8.0_192\jre\lib\ext\zipfs.jar;C:\Program Files\Java\jdk1.8.0_192\jre\lib\javaws.jar;C:\Program Files\Java\jdk1.8.0_192\jre\lib\jce.jar;C:\Program Files\Java\jdk1.8.0_192\jre\lib\jfr.jar;C:\Program Files\Java\jdk1.8.0_192\jre\lib\jfxswt.jar;C:\Program Files\Java\jdk1.8.0_192\jre\lib\jsse.jar;C:\Program Files\Java\jdk1.8.0_192\jre\lib\management-agent.jar;C:\Program Files\Java\jdk1.8.0_192\jre\lib\plugin.jar;C:\Program Files\Java\jdk1.8.0_192\jre\lib\resources.jar;C:\Program Files\Java\jdk1.8.0_192\jre\lib\rt.jar;C:\Users\Ced\production\Core;C:\Users\Ced\GitHub\SadEngine\lwjgl-3.2.0\joml-1.9.11.jar;C:\Users\Ced\GitHub\SadEngine\lwjgl-3.2.0\lwjgl\lwjgl.jar;C:\Users\Ced\GitHub\SadEngine\lwjgl-3.2.0\lwjgl\lwjgl-javadoc.jar;C:\Users\Ced\GitHub\SadEngine\lwjgl-3.2.0\lwjgl\lwjgl-sources.jar;C:\Users\Ced\GitHub\SadEngine\lwjgl-3.2.0\lwjgl\lwjgl-natives-linux.jar;C:\Users\Ced\GitHub\SadEngine\lwjgl-3.2.0\lwjgl\lwjgl-natives-macos.jar;C:\Users\Ced\GitHub\SadEngine\lwjgl-3.2.0\lwjgl\lwjgl-natives-windows.jar;C:\Users\Ced\GitHub\SadEngine\lwjgl-3.2.0\lwjgl-assimp\lwjgl-assimp.jar;C:\Users\Ced\GitHub\SadEngine\lwjgl-3.2.0\lwjgl-assimp\lwjgl-assimp-javadoc.jar;C:
Launcher Type: SUN_STANDARD

Environment Variables:
PATH=C:\Program Files (x86)\Common Files\Intel\Shared Libraries\redist\intel64\compiler;C:\Program Files (x86)\Common Files\Oracle\Java\javapath;C:\Windows\system32;C:\Windows;C:\Windows\System32\Wbem;C:\Windows\System32\WindowsPowerShell\v1.0\;C:\Windows\System32\OpenSSH\;C:\Program Files\Java\jdk1.8.0_192\bin;C:\Program Files (x86)\NVIDIA Corporation\PhysX\Common;C:\Program Files\Git\cmd;C:\Users\Ced\AppData\Local\Microsoft\WindowsApps;
USERNAME=Ced
OS=Windows_NT
PROCESSOR_IDENTIFIER=Intel64 Family 6 Model 94 Stepping 3, GenuineIntel



---------------  S Y S T E M  ---------------

OS: Windows 10.0 , 64 bit Build 17134 (10.0.17134.1)

CPU:total 8 (initial active 8) (4 cores per cpu, 2 threads per core) family 6 model 94 stepping 3, cmov, cx8, fxsr, mmx, sse, sse2, sse3, ssse3, sse4.1, sse4.2, popcnt, avx, avx2, aes, clmul, erms, rtm, 3dnowpref, lzcnt, ht, tsc, tscinvbit, bmi1, bmi2, adx

Memory: 4k page, physical 16642084k(10525776k free), swap 19132452k(10068012k free)

vm_info: Java HotSpot(TM) 64-Bit Server VM (25.192-b12) for windows-amd64 JRE (1.8.0_192-b12), built on Oct  6 2018 17:12:23 by "java_re" with MS VC++ 10.0 (VS2010)

time: Tue Nov 13 10:40:41 2018
timezone: W. Europe Standard Time
elapsed time: 1 seconds (0d 0h 0m 1s)

